<?xml version="1.0" encoding="UTF-8"?>
<!-- Generated by org.testng.reporters.JUnitXMLReporter -->
<testsuite ignored="0" hostname="LAPTOP-VH0FVHVH" failures="2" tests="2" name="FB2" time="0.009" errors="0" timestamp="2023-02-19T13:17:27 IST">
  <testcase classname="DataProvider.FaceBookLaunching" name="init" time="0.0">
    <failure type="org.testng.TestNGException" message="
Parameter &amp;apos;Browers&amp;apos; is required by @Test on method init but has not been marked @Optional or defined
in C:\Users\BaraskarSomnath\OneDrive\Documents\com.codeming.final_1[1]\com.codeming.final_1\testng.xml">
      <![CDATA[org.testng.TestNGException: 
Parameter 'Browers' is required by @Test on method init but has not been marked @Optional or defined
in C:\Users\BaraskarSomnath\OneDrive\Documents\com.codeming.final_1[1]\com.codeming.final_1\testng.xml
at java.base/java.util.ArrayList.forEach(ArrayList.java:1511)
... Removed 26 stack frames]]>
    </failure>
  </testcase> <!-- init -->
  <testcase classname="DataProvider.FaceBookLaunching" name="teardown" time="0.001">
    <failure type="java.lang.NullPointerException" message="Cannot invoke &amp;quot;org.openqa.selenium.WebDriver.close()&amp;quot; because &amp;quot;this.driver&amp;quot; is null">
      <![CDATA[java.lang.NullPointerException: Cannot invoke "org.openqa.selenium.WebDriver.close()" because "this.driver" is null
at DataProvider.FaceBookLaunching.teardown(FaceBookLaunching.java:35)
at java.base/java.util.ArrayList.forEach(ArrayList.java:1511)
... Removed 27 stack frames]]>
    </failure>
  </testcase> <!-- teardown -->
</testsuite> <!-- FB2 -->
